<?xml version="1.0" encoding="UTF-8"?>
<!-- Generated by org.testng.reporters.JUnitReportReporter -->
<testsuite skipped="0" hostname="LAPTOP-43CROFND" name="com.employeeapi.testCases.TC001_GET_All_Employees" tests="9" failures="0" timestamp="2020-03-26T19:55:06 IST" time="0.164" errors="0">
  <testcase name="checkResponseBody" time="0.089" classname="com.employeeapi.testCases.TC001_GET_All_Employees"/>
  <system-out/>
  <testcase name="checkContentEncoding" time="0.016" classname="com.employeeapi.testCases.TC001_GET_All_Employees"/>
  <system-out/>
  <testcase name="checkContentType" time="0.019" classname="com.employeeapi.testCases.TC001_GET_All_Employees"/>
  <system-out/>
  <testcase name="checkResponseTime" time="0.003" classname="com.employeeapi.testCases.TC001_GET_All_Employees"/>
  <system-out/>
  <testcase name="checkStatusLine" time="0.003" classname="com.employeeapi.testCases.TC001_GET_All_Employees"/>
  <system-out/>
  <testcase name="checkStatusCode" time="0.004" classname="com.employeeapi.testCases.TC001_GET_All_Employees"/>
  <system-out/>
  <testcase name="checkCookies" time="0.018" classname="com.employeeapi.testCases.TC001_GET_All_Employees"/>
  <system-out/>
  <testcase name="checkServerType" time="0.003" classname="com.employeeapi.testCases.TC001_GET_All_Employees"/>
  <system-out/>
  <testcase name="checkContentlength" time="0.009" classname="com.employeeapi.testCases.TC001_GET_All_Employees"/>
  <system-out/>
</testsuite> <!-- com.employeeapi.testCases.TC001_GET_All_Employees -->
